2017-09-28 19:28:37.374662: W tensorflow/core/platform/cpu_feature_guard.cc:45] The TensorFlow library wasn't compiled to use SSE4.1 instructions, but these are available on your machine and could speed up CPU computations.
2017-09-28 19:28:37.374708: W tensorflow/core/platform/cpu_feature_guard.cc:45] The TensorFlow library wasn't compiled to use SSE4.2 instructions, but these are available on your machine and could speed up CPU computations.
2017-09-28 19:28:37.374715: W tensorflow/core/platform/cpu_feature_guard.cc:45] The TensorFlow library wasn't compiled to use AVX instructions, but these are available on your machine and could speed up CPU computations.
2017-09-28 19:28:37.374720: W tensorflow/core/platform/cpu_feature_guard.cc:45] The TensorFlow library wasn't compiled to use AVX2 instructions, but these are available on your machine and could speed up CPU computations.
2017-09-28 19:28:37.374725: W tensorflow/core/platform/cpu_feature_guard.cc:45] The TensorFlow library wasn't compiled to use FMA instructions, but these are available on your machine and could speed up CPU computations.
2017-09-28 19:28:40.338646: I tensorflow/stream_executor/cuda/cuda_gpu_executor.cc:893] successful NUMA node read from SysFS had negative value (-1), but there must be at least one NUMA node, so returning NUMA node zero
2017-09-28 19:28:40.339122: I tensorflow/core/common_runtime/gpu/gpu_device.cc:955] Found device 0 with properties: 
name: Tesla K80
major: 3 minor: 7 memoryClockRate (GHz) 0.8235
pciBusID 0000:00:1e.0
Total memory: 11.17GiB
Free memory: 11.11GiB
2017-09-28 19:28:40.339141: I tensorflow/core/common_runtime/gpu/gpu_device.cc:976] DMA: 0 
2017-09-28 19:28:40.339147: I tensorflow/core/common_runtime/gpu/gpu_device.cc:986] 0:   Y 
2017-09-28 19:28:40.339156: I tensorflow/core/common_runtime/gpu/gpu_device.cc:1045] Creating TensorFlow device (/gpu:0) -> (device: 0, name: Tesla K80, pci bus id: 0000:00:1e.0)
{'batch_size': 100,
 'beta1': 0.5,
 'checkpoint_dir': 'checkpoint',
 'crop': False,
 'dataset': 'wi2_clean',
 'epoch': 200,
 'input_fname_pattern': '*.png',
 'input_height': 74,
 'input_width': 104,
 'learning_rate': 0.0001,
 'output_height': 74,
 'output_width': 104,
 'sample_dir': 'samples',
 'train': True,
 'train_size': inf,
 'visualize': False}
---------
Variables: name (type shape) [size]
---------
generator/g_h0_lin/Matrix:0 (float32_ref 100x17920) [1792000, bytes: 7168000]
generator/g_h0_lin/bias:0 (float32_ref 17920) [17920, bytes: 71680]
generator/g_bn0/beta:0 (float32_ref 512) [512, bytes: 2048]
generator/g_bn0/gamma:0 (float32_ref 512) [512, bytes: 2048]
generator/g_h1/w:0 (float32_ref 5x5x256x512) [3276800, bytes: 13107200]
generator/g_h1/biases:0 (float32_ref 256) [256, bytes: 1024]
generator/g_bn1/beta:0 (float32_ref 256) [256, bytes: 1024]
generator/g_bn1/gamma:0 (float32_ref 256) [256, bytes: 1024]
generator/g_h2/w:0 (float32_ref 5x5x128x256) [819200, bytes: 3276800]
generator/g_h2/biases:0 (float32_ref 128) [128, bytes: 512]
generator/g_bn2/beta:0 (float32_ref 128) [128, bytes: 512]
generator/g_bn2/gamma:0 (float32_ref 128) [128, bytes: 512]
generator/g_h3/w:0 (float32_ref 5x5x64x128) [204800, bytes: 819200]
generator/g_h3/biases:0 (float32_ref 64) [64, bytes: 256]
generator/g_bn3/beta:0 (float32_ref 64) [64, bytes: 256]
generator/g_bn3/gamma:0 (float32_ref 64) [64, bytes: 256]
generator/g_h4/w:0 (float32_ref 5x5x3x64) [4800, bytes: 19200]
generator/g_h4/biases:0 (float32_ref 3) [3, bytes: 12]
discriminator/d_h0_conv/w:0 (float32_ref 5x5x3x64) [4800, bytes: 19200]
discriminator/d_h0_conv/biases:0 (float32_ref 64) [64, bytes: 256]
discriminator/d_h1_conv/w:0 (float32_ref 5x5x64x128) [204800, bytes: 819200]
discriminator/d_h1_conv/biases:0 (float32_ref 128) [128, bytes: 512]
discriminator/d_bn1/beta:0 (float32_ref 128) [128, bytes: 512]
discriminator/d_bn1/gamma:0 (float32_ref 128) [128, bytes: 512]
discriminator/d_h2_conv/w:0 (float32_ref 5x5x128x256) [819200, bytes: 3276800]
discriminator/d_h2_conv/biases:0 (float32_ref 256) [256, bytes: 1024]
discriminator/d_bn2/beta:0 (float32_ref 256) [256, bytes: 1024]
discriminator/d_bn2/gamma:0 (float32_ref 256) [256, bytes: 1024]
discriminator/d_h3_conv/w:0 (float32_ref 5x5x256x512) [3276800, bytes: 13107200]
discriminator/d_h3_conv/biases:0 (float32_ref 512) [512, bytes: 2048]
discriminator/d_bn3/beta:0 (float32_ref 512) [512, bytes: 2048]
discriminator/d_bn3/gamma:0 (float32_ref 512) [512, bytes: 2048]
discriminator/d_h4_lin/Matrix:0 (float32_ref 17920x1) [17920, bytes: 71680]
discriminator/d_h4_lin/bias:0 (float32_ref 1) [1, bytes: 4]
Total size of variables: 10444164
Total bytes of variables: 41776656
 [*] Reading checkpoints...
 [*] Failed to find a checkpoint
 [!] Load failed...
Epoch: [ 0] [   0/  62] time: 3.7412, d_loss: 6.42560482, g_loss: 0.00211600
Epoch: [ 0] [   1/  62] time: 5.8879, d_loss: 5.90014553, g_loss: 0.00457507
Epoch: [ 0] [   2/  62] time: 7.6995, d_loss: 5.69098234, g_loss: 0.00672444
Epoch: [ 0] [   3/  62] time: 9.5092, d_loss: 5.59458113, g_loss: 0.00695085
Epoch: [ 0] [   4/  62] time: 11.3310, d_loss: 5.71756935, g_loss: 0.01016284
Epoch: [ 0] [   5/  62] time: 13.1473, d_loss: 5.43000746, g_loss: 0.01418576
Epoch: [ 0] [   6/  62] time: 14.9682, d_loss: 4.97999334, g_loss: 0.02054204
Epoch: [ 0] [   7/  62] time: 16.7928, d_loss: 4.89660454, g_loss: 0.02388683
Epoch: [ 0] [   8/  62] time: 18.6143, d_loss: 3.73384905, g_loss: 0.08488748
Epoch: [ 0] [   9/  62] time: 20.4359, d_loss: 4.94946814, g_loss: 0.03549599
Epoch: [ 0] [  10/  62] time: 22.2609, d_loss: 3.50842142, g_loss: 0.13512214
Epoch: [ 0] [  11/  62] time: 24.0862, d_loss: 5.22137785, g_loss: 0.01693127
Epoch: [ 0] [  12/  62] time: 25.9183, d_loss: 2.57594514, g_loss: 0.42701206
Epoch: [ 0] [  13/  62] time: 27.7519, d_loss: 6.22771454, g_loss: 0.00467715
Epoch: [ 0] [  14/  62] time: 29.5950, d_loss: 1.18679428, g_loss: 1.39822268
Epoch: [ 0] [  15/  62] time: 31.4373, d_loss: 6.12449026, g_loss: 0.00622378
Epoch: [ 0] [  16/  62] time: 33.2791, d_loss: 2.15497613, g_loss: 1.82218683
Epoch: [ 0] [  17/  62] time: 35.1268, d_loss: 4.84292936, g_loss: 0.01821647
Epoch: [ 0] [  18/  62] time: 36.9700, d_loss: 0.93744832, g_loss: 3.77889585
Epoch: [ 0] [  19/  62] time: 38.8110, d_loss: 3.42975473, g_loss: 0.09253863
Epoch: [ 0] [  20/  62] time: 40.6625, d_loss: 0.99130452, g_loss: 2.00249648
Epoch: [ 0] [  21/  62] time: 42.5169, d_loss: 4.97146463, g_loss: 0.02162604
Epoch: [ 0] [  22/  62] time: 44.3714, d_loss: 1.62011755, g_loss: 5.41789007
Epoch: [ 0] [  23/  62] time: 46.2254, d_loss: 3.13846588, g_loss: 0.11594710
Epoch: [ 0] [  24/  62] time: 48.0830, d_loss: 0.54447484, g_loss: 2.12605309
Epoch: [ 0] [  25/  62] time: 49.9418, d_loss: 3.14700484, g_loss: 0.12515943
Epoch: [ 0] [  26/  62] time: 51.7979, d_loss: 0.69679093, g_loss: 5.51332760
Epoch: [ 0] [  27/  62] time: 53.6525, d_loss: 1.57627583, g_loss: 0.53011376
Epoch: [ 0] [  28/  62] time: 55.5202, d_loss: 1.54526591, g_loss: 0.50998938
Epoch: [ 0] [  29/  62] time: 57.3816, d_loss: 0.45601428, g_loss: 2.34498334
Epoch: [ 0] [  30/  62] time: 59.2475, d_loss: 2.52726126, g_loss: 0.16074215
Epoch: [ 0] [  31/  62] time: 61.1189, d_loss: 0.89269865, g_loss: 9.06305027
Epoch: [ 0] [  32/  62] time: 62.9889, d_loss: 0.14956118, g_loss: 4.94333410
Epoch: [ 0] [  33/  62] time: 64.8560, d_loss: 3.67185712, g_loss: 0.06938092
Epoch: [ 0] [  34/  62] time: 66.7291, d_loss: 0.26885372, g_loss: 13.04801273
Epoch: [ 0] [  35/  62] time: 68.6079, d_loss: 0.28490558, g_loss: 11.84643936
Epoch: [ 0] [  36/  62] time: 70.4858, d_loss: 0.26777509, g_loss: 2.54739857
Epoch: [ 0] [  37/  62] time: 72.3610, d_loss: 4.82227087, g_loss: 0.02613796
Epoch: [ 0] [  38/  62] time: 74.2414, d_loss: 0.82777518, g_loss: 13.46280289
Epoch: [ 0] [  39/  62] time: 76.1124, d_loss: 0.26949796, g_loss: 12.80240059
Epoch: [ 0] [  40/  62] time: 78.0031, d_loss: 0.23288901, g_loss: 2.71401215
Epoch: [ 0] [  41/  62] time: 79.8793, d_loss: 4.55159903, g_loss: 0.02640988
Epoch: [ 0] [  42/  62] time: 81.7538, d_loss: 0.12905291, g_loss: 14.56736183
Epoch: [ 0] [  43/  62] time: 83.6265, d_loss: 0.32881773, g_loss: 15.65881157
Epoch: [ 0] [  44/  62] time: 85.4990, d_loss: 0.19969486, g_loss: 8.83158398
Epoch: [ 0] [  45/  62] time: 87.3776, d_loss: 1.47121286, g_loss: 0.45766103
Epoch: [ 0] [  46/  62] time: 89.2521, d_loss: 0.26320338, g_loss: 7.73747158
Epoch: [ 0] [  47/  62] time: 91.1239, d_loss: 0.16960427, g_loss: 5.90694857
Epoch: [ 0] [  48/  62] time: 92.9959, d_loss: 2.13678288, g_loss: 0.25696045
Epoch: [ 0] [  49/  62] time: 94.8715, d_loss: 0.18803415, g_loss: 12.43096542
[Sample] d_loss: 0.15391752, g_loss: 13.34531021
Epoch: [ 0] [  50/  62] time: 97.2378, d_loss: 0.20351987, g_loss: 11.22651768
Epoch: [ 0] [  51/  62] time: 99.1125, d_loss: 0.26810688, g_loss: 2.84689593
Epoch: [ 0] [  52/  62] time: 100.9904, d_loss: 4.36643744, g_loss: 0.03246970
Epoch: [ 0] [  53/  62] time: 102.8628, d_loss: 0.39500135, g_loss: 19.18337822
Epoch: [ 0] [  54/  62] time: 104.7418, d_loss: 0.28163341, g_loss: 18.19696617
Epoch: [ 0] [  55/  62] time: 106.6144, d_loss: 0.12685901, g_loss: 7.82263660
Epoch: [ 0] [  56/  62] time: 108.4891, d_loss: 2.98777866, g_loss: 0.13166495
Epoch: [ 0] [  57/  62] time: 110.3621, d_loss: 0.29373121, g_loss: 15.33801556
Epoch: [ 0] [  58/  62] time: 112.2356, d_loss: 0.16646148, g_loss: 17.20450974
Epoch: [ 0] [  59/  62] time: 114.1097, d_loss: 0.18586071, g_loss: 11.98365593
Epoch: [ 0] [  60/  62] time: 115.9877, d_loss: 0.19237410, g_loss: 3.79480600
Epoch: [ 0] [  61/  62] time: 117.8673, d_loss: 3.04808354, g_loss: 0.30888247
Epoch: [ 1] [   0/  62] time: 119.7557, d_loss: 0.11989253, g_loss: 16.65608978
Epoch: [ 1] [   1/  62] time: 121.6300, d_loss: 0.23782206, g_loss: 19.34549904
Epoch: [ 1] [   2/  62] time: 123.5118, d_loss: 0.16369991, g_loss: 14.09036255
Epoch: [ 1] [   3/  62] time: 125.3798, d_loss: 0.05454097, g_loss: 5.67646074
Epoch: [ 1] [   4/  62] time: 127.2655, d_loss: 2.41454864, g_loss: 0.46497077
Epoch: [ 1] [   5/  62] time: 129.1455, d_loss: 0.27090383, g_loss: 14.78834343
Epoch: [ 1] [   6/  62] time: 131.0241, d_loss: 0.17035572, g_loss: 17.05721855